writeCommonTags: couldn't write 'year' tag to 'blue check - tomcr00se.wav' as it's not a positive integer
writeCommonTags: couldn't write 'track' tag to 'blue check - tomcr00se.wav' as it's not a positive integer
writeCommonTags: couldn't write 'year' tag to 'civil - tomcr00se.wav' as it's not a positive integer
writeCommonTags: couldn't write 'track' tag to 'civil - tomcr00se.wav' as it's not a positive integer
writeCommonTags: couldn't write 'year' tag to 'blue check - tomcr00se.wav' as it's not a positive integer
writeCommonTags: couldn't write 'track' tag to 'blue check - tomcr00se.wav' as it's not a positive integer
writeCommonTags: couldn't write 'year' tag to 'civil - tomcr00se.wav' as it's not a positive integer
writeCommonTags: couldn't write 'track' tag to 'civil - tomcr00se.wav' as it's not a positive integer
writeCommonTags: couldn't write 'year' tag to 'blue check - tomcr00se.wav' as it's not a positive integer
writeCommonTags: couldn't write 'track' tag to 'blue check - tomcr00se.wav' as it's not a positive integer
writeCommonTags: couldn't write 'year' tag to 'civil - tomcr00se.wav' as it's not a positive integer
writeCommonTags: couldn't write 'track' tag to 'civil - tomcr00se.wav' as it's not a positive integer
writeCommonTags: couldn't write 'year' tag to 'blue check - tomcr00se.wav' as it's not a positive integer
writeCommonTags: couldn't write 'track' tag to 'blue check - tomcr00se.wav' as it's not a positive integer
writeCommonTags: couldn't write 'year' tag to 'civil - tomcr00se.wav' as it's not a positive integer
writeCommonTags: couldn't write 'track' tag to 'civil - tomcr00se.wav' as it's not a positive integer
writeCommonTags: couldn't write 'year' tag to 'blue check - tomcr00se.wav' as it's not a positive integer
writeCommonTags: couldn't write 'track' tag to 'blue check - tomcr00se.wav' as it's not a positive integer
writeCommonTags: couldn't write 'year' tag to 'civil - tomcr00se.wav' as it's not a positive integer
writeCommonTags: couldn't write 'track' tag to 'civil - tomcr00se.wav' as it's not a positive integer
writeCommonTags: couldn't write 'year' tag to 'tomcr00se/blue check - tomcr00se.wav' as it's not a positive integer
writeCommonTags: couldn't write 'track' tag to 'tomcr00se/blue check - tomcr00se.wav' as it's not a positive integer
writeCommonTags: couldn't write 'year' tag to 'tomcr00se/civil - tomcr00se.wav' as it's not a positive integer
writeCommonTags: couldn't write 'track' tag to 'tomcr00se/civil - tomcr00se.wav' as it's not a positive integer
writeCommonTags: couldn't write 'year' tag to 'tomcr00se/blue check - tomcr00se.wav' as it's not a positive integer
writeCommonTags: couldn't write 'track' tag to 'tomcr00se/blue check - tomcr00se.wav' as it's not a positive integer
writeCommonTags: couldn't write 'year' tag to 'tomcr00se/civil - tomcr00se.wav' as it's not a positive integer
writeCommonTags: couldn't write 'track' tag to 'tomcr00se/civil - tomcr00se.wav' as it's not a positive integer
